Determining if the pthread_create exist failed with the following output:
Change Dir: /home/alvarosr4/Escritorio/Percepcion/practica1/mia/ampliacion/build/CMakeFiles/CMakeTmp

Run Build Command:"/usr/bin/make" "cmTC_04537/fast"
/usr/bin/make -f CMakeFiles/cmTC_04537.dir/build.make CMakeFiles/cmTC_04537.dir/build
make[1]: se entra en el directorio '/home/alvarosr4/Escritorio/Percepcion/practica1/mia/ampliacion/build/CMakeFiles/CMakeTmp'
Building C object CMakeFiles/cmTC_04537.dir/CheckSymbolExists.c.o
/usr/bin/cc    -o CMakeFiles/cmTC_04537.dir/CheckSymbolExists.c.o   -c /home/alvarosr4/Escritorio/Percepcion/practica1/mia/ampliacion/build/CMakeFiles/CMakeTmp/CheckSymbolExists.c
Linking C executable cmTC_04537
/usr/bin/cmake -E cmake_link_script CMakeFiles/cmTC_04537.dir/link.txt --verbose=1
/usr/bin/cc      -rdynamic CMakeFiles/cmTC_04537.dir/CheckSymbolExists.c.o  -o cmTC_04537 
CMakeFiles/cmTC_04537.dir/CheckSymbolExists.c.o: En la función `main':
CheckSymbolExists.c:(.text+0x1b): referencia a `pthread_create' sin definir
collect2: error: ld returned 1 exit status
CMakeFiles/cmTC_04537.dir/build.make:97: recipe for target 'cmTC_04537' failed
make[1]: *** [cmTC_04537] Error 1
make[1]: se sale del directorio '/home/alvarosr4/Escritorio/Percepcion/practica1/mia/ampliacion/build/CMakeFiles/CMakeTmp'
Makefile:126: recipe for target 'cmTC_04537/fast' failed
make: *** [cmTC_04537/fast] Error 2

File /home/alvarosr4/Escritorio/Percepcion/practica1/mia/ampliacion/build/CMakeFiles/CMakeTmp/CheckSymbolExists.c:
/* */
#include <pthread.h>

int main(int argc, char** argv)
{
  (void)argv;
#ifndef pthread_create
  return ((int*)(&pthread_create))[argc];
#else
  (void)argc;
  return 0;
#endif
}

Determining if the function pthread_create exists in the pthreads failed with the following output:
Change Dir: /home/alvarosr4/Escritorio/Percepcion/practica1/mia/ampliacion/build/CMakeFiles/CMakeTmp

Run Build Command:"/usr/bin/make" "cmTC_14d57/fast"
/usr/bin/make -f CMakeFiles/cmTC_14d57.dir/build.make CMakeFiles/cmTC_14d57.dir/build
make[1]: se entra en el directorio '/home/alvarosr4/Escritorio/Percepcion/practica1/mia/ampliacion/build/CMakeFiles/CMakeTmp'
Building C object CMakeFiles/cmTC_14d57.dir/CheckFunctionExists.c.o
/usr/bin/cc   -DCHECK_FUNCTION_EXISTS=pthread_create   -o CMakeFiles/cmTC_14d57.dir/CheckFunctionExists.c.o   -c /usr/share/cmake-3.10/Modules/CheckFunctionExists.c
Linking C executable cmTC_14d57
/usr/bin/cmake -E cmake_link_script CMakeFiles/cmTC_14d57.dir/link.txt --verbose=1
/usr/bin/cc  -DCHECK_FUNCTION_EXISTS=pthread_create    -rdynamic CMakeFiles/cmTC_14d57.dir/CheckFunctionExists.c.o  -o cmTC_14d57 -lpthreads 
/usr/bin/ld: no se puede encontrar -lpthreads
collect2: error: ld returned 1 exit status
CMakeFiles/cmTC_14d57.dir/build.make:97: recipe for target 'cmTC_14d57' failed
make[1]: *** [cmTC_14d57] Error 1
make[1]: se sale del directorio '/home/alvarosr4/Escritorio/Percepcion/practica1/mia/ampliacion/build/CMakeFiles/CMakeTmp'
Makefile:126: recipe for target 'cmTC_14d57/fast' failed
make: *** [cmTC_14d57/fast] Error 2


